########### array before sorts ###########
0	0.000000	0.000000	48.240000	0.000000	n
1	0.000000	15.240000	0.000000	0.000000	n
2	0.000000	88.900000	0.000000	99.060000	n
3	0.000000	99.060000	48.260000	99.060000	n
4	48.260000	99.060000	48.260000	97.536000	n
5	48.260000	97.536000	48.260000	0.508000	n
6	48.260000	0.000000	48.260000	0.508000	n
Tolerance=0.050000.
*Tolerance match for i=0 and j=6. Dist=0.020000
*i point 0.000000	0.000000	48.240000	0.000000	y
	*Before fix for Tolerance 	48.260000	0.000000	48.260000	0.508000	n
	*After fix for Tolerance 	48.240000	0.000000	48.260000	0.508000	n
*Exact match for i=1 and j=5.
*i point 48.240000	0.000000	48.260000	0.508000	y
	*Before flip 	48.260000	97.536000	48.260000	0.508000	y
	*After flip 	48.260000	0.508000	48.260000	97.536000	y
*Exact match for i=2 and j=4.
*i point 48.260000	0.508000	48.260000	97.536000	y
	*Before flip 	48.260000	99.060000	48.260000	97.536000	y
	*After flip 	48.260000	97.536000	48.260000	99.060000	y
*Exact match for i=3 and j=4.
*i point 48.260000	97.536000	48.260000	99.060000	y
	*Before flip 	0.000000	99.060000	48.260000	99.060000	y
	*After flip 	48.260000	99.060000	0.000000	99.060000	y
*Exact match for i=4 and j=5.
*i point 48.260000	99.060000	0.000000	99.060000	y
	*Before flip 	0.000000	88.900000	0.000000	99.060000	y
	*After flip 	0.000000	99.060000	0.000000	88.900000	y
No match for i=5.
########### array after sorts ###########
0	0.000000	0.000000	48.240000	0.000000	y
1	48.240000	0.000000	48.260000	0.508000	y
2	48.260000	0.508000	48.260000	97.536000	y
3	48.260000	97.536000	48.260000	99.060000	y
4	48.260000	99.060000	0.000000	99.060000	y
5	0.000000	99.060000	0.000000	88.900000	y
6	0.000000	15.240000	0.000000	0.000000	n
***************
LAYER 111 IDFDebug;SET COLOR_LAYER 111 red;CIRCLE (0.000000 3.500002) (0.078740 3.500002);change width 0.01;
SET Wire_Bend 2;
WIRE ( 0.000000 0.000000) (1.899214 0.000000);WIRE ( 1.899214 0.000000) (1.900001 0.020000);WIRE ( 1.900001 0.020000) (1.900001 3.840002);WIRE ( 1.900001 3.840002) (1.900001 3.900002);WIRE ( 1.900001 3.900002) (0.000000 3.900002);WIRE ( 0.000000 3.900002) (0.000000 3.500002);DISPLAY NONE;DISPLAY 20 111;WINDOW FIT;***************
.BOARD_OUTLINE UNOWNED
1.6
0     0.000000     0.000000     0
0     48.240000     0.000000     0
0     48.260000     0.508000     0
0     48.260000     97.536000     0
0     48.260000     99.060000     0
0     0.000000     99.060000     0
